{"/home/gabriel/workspace/me/chessCaminoFacil/server/src/game/chess/ChessPieceAbstract.js": {"path":"/home/gabriel/workspace/me/chessCaminoFacil/server/src/game/chess/ChessPieceAbstract.js","all":false,"statementMap":{"0":{"start":{"line":1,"column":0},"end":{"line":1,"column":43}},"1":{"start":{"line":2,"column":0},"end":{"line":2,"column":7}},"2":{"start":{"line":3,"column":0},"end":{"line":3,"column":44}},"3":{"start":{"line":4,"column":0},"end":{"line":4,"column":64}},"4":{"start":{"line":5,"column":0},"end":{"line":5,"column":45}},"5":{"start":{"line":6,"column":0},"end":{"line":6,"column":44}},"6":{"start":{"line":7,"column":0},"end":{"line":7,"column":44}},"7":{"start":{"line":8,"column":0},"end":{"line":8,"column":7}},"8":{"start":{"line":9,"column":0},"end":{"line":9,"column":37}},"9":{"start":{"line":10,"column":0},"end":{"line":10,"column":30}},"10":{"start":{"line":11,"column":0},"end":{"line":11,"column":26}},"11":{"start":{"line":12,"column":0},"end":{"line":12,"column":20}},"12":{"start":{"line":13,"column":0},"end":{"line":13,"column":20}},"13":{"start":{"line":14,"column":0},"end":{"line":14,"column":5}},"14":{"start":{"line":15,"column":0},"end":{"line":15,"column":0}},"15":{"start":{"line":16,"column":0},"end":{"line":16,"column":18}},"16":{"start":{"line":17,"column":0},"end":{"line":17,"column":28}},"17":{"start":{"line":18,"column":0},"end":{"line":18,"column":5}},"18":{"start":{"line":19,"column":0},"end":{"line":19,"column":0}},"19":{"start":{"line":20,"column":0},"end":{"line":20,"column":23}},"20":{"start":{"line":21,"column":0},"end":{"line":21,"column":29}},"21":{"start":{"line":22,"column":0},"end":{"line":22,"column":5}},"22":{"start":{"line":23,"column":0},"end":{"line":23,"column":0}},"23":{"start":{"line":24,"column":0},"end":{"line":24,"column":13}},"24":{"start":{"line":25,"column":0},"end":{"line":25,"column":23}},"25":{"start":{"line":26,"column":0},"end":{"line":26,"column":5}},"26":{"start":{"line":27,"column":0},"end":{"line":27,"column":0}},"27":{"start":{"line":28,"column":0},"end":{"line":28,"column":18}},"28":{"start":{"line":29,"column":0},"end":{"line":29,"column":24}},"29":{"start":{"line":30,"column":0},"end":{"line":30,"column":5}},"30":{"start":{"line":31,"column":0},"end":{"line":31,"column":0}},"31":{"start":{"line":32,"column":0},"end":{"line":32,"column":13}},"32":{"start":{"line":33,"column":0},"end":{"line":33,"column":23}},"33":{"start":{"line":34,"column":0},"end":{"line":34,"column":5}},"34":{"start":{"line":35,"column":0},"end":{"line":35,"column":0}},"35":{"start":{"line":36,"column":0},"end":{"line":36,"column":18}},"36":{"start":{"line":37,"column":0},"end":{"line":37,"column":24}},"37":{"start":{"line":38,"column":0},"end":{"line":38,"column":5}},"38":{"start":{"line":39,"column":0},"end":{"line":39,"column":7}},"39":{"start":{"line":40,"column":0},"end":{"line":40,"column":55}},"40":{"start":{"line":41,"column":0},"end":{"line":41,"column":54}},"41":{"start":{"line":42,"column":0},"end":{"line":42,"column":44}},"42":{"start":{"line":43,"column":0},"end":{"line":43,"column":44}},"43":{"start":{"line":44,"column":0},"end":{"line":44,"column":19}},"44":{"start":{"line":45,"column":0},"end":{"line":45,"column":7}},"45":{"start":{"line":46,"column":0},"end":{"line":46,"column":26}},"46":{"start":{"line":47,"column":0},"end":{"line":47,"column":53}},"47":{"start":{"line":48,"column":0},"end":{"line":48,"column":5}},"48":{"start":{"line":49,"column":0},"end":{"line":49,"column":7}},"49":{"start":{"line":50,"column":0},"end":{"line":50,"column":29}},"50":{"start":{"line":51,"column":0},"end":{"line":51,"column":44}},"51":{"start":{"line":52,"column":0},"end":{"line":52,"column":44}},"52":{"start":{"line":53,"column":0},"end":{"line":53,"column":20}},"53":{"start":{"line":54,"column":0},"end":{"line":54,"column":7}},"54":{"start":{"line":55,"column":0},"end":{"line":55,"column":16}},"55":{"start":{"line":56,"column":0},"end":{"line":56,"column":19}},"56":{"start":{"line":57,"column":0},"end":{"line":57,"column":19}},"57":{"start":{"line":58,"column":0},"end":{"line":58,"column":5}},"58":{"start":{"line":59,"column":0},"end":{"line":59,"column":0}},"59":{"start":{"line":60,"column":0},"end":{"line":60,"column":16}},"60":{"start":{"line":61,"column":0},"end":{"line":61,"column":26}},"61":{"start":{"line":62,"column":0},"end":{"line":62,"column":5}},"62":{"start":{"line":63,"column":0},"end":{"line":63,"column":0}},"63":{"start":{"line":64,"column":0},"end":{"line":64,"column":21}},"64":{"start":{"line":65,"column":0},"end":{"line":65,"column":27}},"65":{"start":{"line":66,"column":0},"end":{"line":66,"column":5}},"66":{"start":{"line":67,"column":0},"end":{"line":67,"column":0}},"67":{"start":{"line":68,"column":0},"end":{"line":68,"column":7}},"68":{"start":{"line":69,"column":0},"end":{"line":69,"column":48}},"69":{"start":{"line":70,"column":0},"end":{"line":70,"column":19}},"70":{"start":{"line":71,"column":0},"end":{"line":71,"column":33}},"71":{"start":{"line":72,"column":0},"end":{"line":72,"column":7}},"72":{"start":{"line":73,"column":0},"end":{"line":73,"column":33}},"73":{"start":{"line":74,"column":0},"end":{"line":74,"column":29}},"74":{"start":{"line":75,"column":0},"end":{"line":75,"column":48}},"75":{"start":{"line":76,"column":0},"end":{"line":76,"column":55}},"76":{"start":{"line":77,"column":0},"end":{"line":77,"column":48}},"77":{"start":{"line":78,"column":0},"end":{"line":78,"column":39}},"78":{"start":{"line":79,"column":0},"end":{"line":79,"column":29}},"79":{"start":{"line":80,"column":0},"end":{"line":80,"column":28}},"80":{"start":{"line":81,"column":0},"end":{"line":81,"column":22}},"81":{"start":{"line":82,"column":0},"end":{"line":82,"column":17}},"82":{"start":{"line":83,"column":0},"end":{"line":83,"column":13}},"83":{"start":{"line":84,"column":0},"end":{"line":84,"column":9}},"84":{"start":{"line":85,"column":0},"end":{"line":85,"column":27}},"85":{"start":{"line":86,"column":0},"end":{"line":86,"column":5}},"86":{"start":{"line":87,"column":0},"end":{"line":87,"column":0}},"87":{"start":{"line":88,"column":0},"end":{"line":88,"column":20}},"88":{"start":{"line":89,"column":0},"end":{"line":89,"column":16}},"89":{"start":{"line":90,"column":0},"end":{"line":90,"column":28}},"90":{"start":{"line":91,"column":0},"end":{"line":91,"column":32}},"91":{"start":{"line":92,"column":0},"end":{"line":92,"column":45}},"92":{"start":{"line":93,"column":0},"end":{"line":93,"column":58}},"93":{"start":{"line":94,"column":0},"end":{"line":94,"column":9}},"94":{"start":{"line":95,"column":0},"end":{"line":95,"column":5}},"95":{"start":{"line":96,"column":0},"end":{"line":96,"column":1}}},"s":{"0":1,"1":1,"2":1,"3":1,"4":1,"5":1,"6":1,"7":1,"8":1,"9":76,"10":76,"11":76,"12":76,"13":76,"14":1,"15":1,"16":25,"17":25,"18":1,"19":1,"20":1,"21":1,"22":1,"23":1,"24":48,"25":48,"26":1,"27":1,"28":1,"29":1,"30":1,"31":1,"32":48,"33":48,"34":1,"35":1,"36":1,"37":1,"38":1,"39":1,"40":1,"41":1,"42":1,"43":1,"44":1,"45":1,"46":1,"47":1,"48":1,"49":1,"50":1,"51":1,"52":1,"53":1,"54":1,"55":1,"56":1,"57":1,"58":1,"59":1,"60":18,"61":18,"62":1,"63":1,"64":1,"65":1,"66":1,"67":1,"68":1,"69":1,"70":1,"71":1,"72":1,"73":2,"74":2,"75":6,"76":18,"77":3,"78":3,"79":3,"80":3,"81":3,"82":18,"83":6,"84":2,"85":2,"86":1,"87":1,"88":2,"89":2,"90":2,"91":2,"92":2,"93":2,"94":2,"95":1},"branchMap":{"0":{"type":"branch","line":9,"loc":{"start":{"line":9,"column":4},"end":{"line":14,"column":5}},"locations":[{"start":{"line":9,"column":4},"end":{"line":14,"column":5}}]},"1":{"type":"branch","line":16,"loc":{"start":{"line":16,"column":14},"end":{"line":18,"column":5}},"locations":[{"start":{"line":16,"column":14},"end":{"line":18,"column":5}}]},"2":{"type":"branch","line":20,"loc":{"start":{"line":20,"column":14},"end":{"line":22,"column":5}},"locations":[{"start":{"line":20,"column":14},"end":{"line":22,"column":5}}]},"3":{"type":"branch","line":24,"loc":{"start":{"line":24,"column":9},"end":{"line":26,"column":5}},"locations":[{"start":{"line":24,"column":9},"end":{"line":26,"column":5}}]},"4":{"type":"branch","line":28,"loc":{"start":{"line":28,"column":9},"end":{"line":30,"column":5}},"locations":[{"start":{"line":28,"column":9},"end":{"line":30,"column":5}}]},"5":{"type":"branch","line":32,"loc":{"start":{"line":32,"column":9},"end":{"line":34,"column":5}},"locations":[{"start":{"line":32,"column":9},"end":{"line":34,"column":5}}]},"6":{"type":"branch","line":36,"loc":{"start":{"line":36,"column":9},"end":{"line":38,"column":5}},"locations":[{"start":{"line":36,"column":9},"end":{"line":38,"column":5}}]},"7":{"type":"branch","line":46,"loc":{"start":{"line":46,"column":4},"end":{"line":48,"column":5}},"locations":[{"start":{"line":46,"column":4},"end":{"line":48,"column":5}}]},"8":{"type":"branch","line":55,"loc":{"start":{"line":55,"column":4},"end":{"line":58,"column":5}},"locations":[{"start":{"line":55,"column":4},"end":{"line":58,"column":5}}]},"9":{"type":"branch","line":60,"loc":{"start":{"line":60,"column":12},"end":{"line":62,"column":5}},"locations":[{"start":{"line":60,"column":12},"end":{"line":62,"column":5}}]},"10":{"type":"branch","line":64,"loc":{"start":{"line":64,"column":12},"end":{"line":66,"column":5}},"locations":[{"start":{"line":64,"column":12},"end":{"line":66,"column":5}}]},"11":{"type":"branch","line":73,"loc":{"start":{"line":73,"column":4},"end":{"line":86,"column":5}},"locations":[{"start":{"line":73,"column":4},"end":{"line":86,"column":5}}]},"12":{"type":"branch","line":75,"loc":{"start":{"line":75,"column":47},"end":{"line":84,"column":9}},"locations":[{"start":{"line":75,"column":47},"end":{"line":84,"column":9}}]},"13":{"type":"branch","line":76,"loc":{"start":{"line":76,"column":54},"end":{"line":83,"column":13}},"locations":[{"start":{"line":76,"column":54},"end":{"line":83,"column":13}}]},"14":{"type":"branch","line":77,"loc":{"start":{"line":77,"column":47},"end":{"line":82,"column":17}},"locations":[{"start":{"line":77,"column":47},"end":{"line":82,"column":17}}]},"15":{"type":"branch","line":88,"loc":{"start":{"line":88,"column":4},"end":{"line":95,"column":5}},"locations":[{"start":{"line":88,"column":4},"end":{"line":95,"column":5}}]}},"b":{"0":[76],"1":[25],"2":[1],"3":[48],"4":[1],"5":[48],"6":[1],"7":[1],"8":[1],"9":[18],"10":[1],"11":[2],"12":[6],"13":[18],"14":[3],"15":[2]},"fnMap":{"0":{"name":"ChessPieceAbstract","decl":{"start":{"line":9,"column":4},"end":{"line":14,"column":5}},"loc":{"start":{"line":9,"column":4},"end":{"line":14,"column":5}},"line":9},"1":{"name":"get player","decl":{"start":{"line":16,"column":14},"end":{"line":18,"column":5}},"loc":{"start":{"line":16,"column":14},"end":{"line":18,"column":5}},"line":16},"2":{"name":"set player","decl":{"start":{"line":20,"column":14},"end":{"line":22,"column":5}},"loc":{"start":{"line":20,"column":14},"end":{"line":22,"column":5}},"line":20},"3":{"name":"get x","decl":{"start":{"line":24,"column":9},"end":{"line":26,"column":5}},"loc":{"start":{"line":24,"column":9},"end":{"line":26,"column":5}},"line":24},"4":{"name":"set x","decl":{"start":{"line":28,"column":9},"end":{"line":30,"column":5}},"loc":{"start":{"line":28,"column":9},"end":{"line":30,"column":5}},"line":28},"5":{"name":"get y","decl":{"start":{"line":32,"column":9},"end":{"line":34,"column":5}},"loc":{"start":{"line":32,"column":9},"end":{"line":34,"column":5}},"line":32},"6":{"name":"set y","decl":{"start":{"line":36,"column":9},"end":{"line":38,"column":5}},"loc":{"start":{"line":36,"column":9},"end":{"line":38,"column":5}},"line":36},"7":{"name":"canMove","decl":{"start":{"line":46,"column":4},"end":{"line":48,"column":5}},"loc":{"start":{"line":46,"column":4},"end":{"line":48,"column":5}},"line":46},"8":{"name":"move","decl":{"start":{"line":55,"column":4},"end":{"line":58,"column":5}},"loc":{"start":{"line":55,"column":4},"end":{"line":58,"column":5}},"line":55},"9":{"name":"get name","decl":{"start":{"line":60,"column":12},"end":{"line":62,"column":5}},"loc":{"start":{"line":60,"column":12},"end":{"line":62,"column":5}},"line":60},"10":{"name":"set name","decl":{"start":{"line":64,"column":12},"end":{"line":66,"column":5}},"loc":{"start":{"line":64,"column":12},"end":{"line":66,"column":5}},"line":64},"11":{"name":"getPlaceWhereCanMove","decl":{"start":{"line":73,"column":4},"end":{"line":86,"column":5}},"loc":{"start":{"line":73,"column":4},"end":{"line":86,"column":5}},"line":73},"12":{"name":"getData","decl":{"start":{"line":88,"column":4},"end":{"line":95,"column":5}},"loc":{"start":{"line":88,"column":4},"end":{"line":95,"column":5}},"line":88}},"f":{"0":76,"1":25,"2":1,"3":48,"4":1,"5":48,"6":1,"7":1,"8":1,"9":18,"10":1,"11":2,"12":2}}
,"/home/gabriel/workspace/me/chessCaminoFacil/server/src/game/chess/pieces/Bishop.js": {"path":"/home/gabriel/workspace/me/chessCaminoFacil/server/src/game/chess/pieces/Bishop.js","all":false,"statementMap":{"0":{"start":{"line":1,"column":0},"end":{"line":1,"column":59}},"1":{"start":{"line":2,"column":0},"end":{"line":2,"column":58}},"2":{"start":{"line":3,"column":0},"end":{"line":3,"column":0}},"3":{"start":{"line":4,"column":0},"end":{"line":4,"column":31}},"4":{"start":{"line":5,"column":0},"end":{"line":5,"column":38}},"5":{"start":{"line":6,"column":0},"end":{"line":6,"column":5}},"6":{"start":{"line":7,"column":0},"end":{"line":7,"column":0}},"7":{"start":{"line":8,"column":0},"end":{"line":8,"column":0}},"8":{"start":{"line":9,"column":0},"end":{"line":9,"column":26}},"9":{"start":{"line":10,"column":0},"end":{"line":10,"column":63}},"10":{"start":{"line":11,"column":0},"end":{"line":11,"column":0}},"11":{"start":{"line":12,"column":0},"end":{"line":12,"column":24}},"12":{"start":{"line":13,"column":0},"end":{"line":13,"column":9}},"13":{"start":{"line":14,"column":0},"end":{"line":14,"column":76}},"14":{"start":{"line":15,"column":0},"end":{"line":15,"column":0}},"15":{"start":{"line":16,"column":0},"end":{"line":16,"column":24}},"16":{"start":{"line":17,"column":0},"end":{"line":17,"column":9}},"17":{"start":{"line":18,"column":0},"end":{"line":18,"column":44}},"18":{"start":{"line":19,"column":0},"end":{"line":19,"column":44}},"19":{"start":{"line":20,"column":0},"end":{"line":20,"column":35}},"20":{"start":{"line":21,"column":0},"end":{"line":21,"column":35}},"21":{"start":{"line":22,"column":0},"end":{"line":22,"column":36}},"22":{"start":{"line":23,"column":0},"end":{"line":23,"column":98}},"23":{"start":{"line":24,"column":0},"end":{"line":24,"column":42}},"24":{"start":{"line":25,"column":0},"end":{"line":25,"column":0}},"25":{"start":{"line":26,"column":0},"end":{"line":26,"column":28}},"26":{"start":{"line":27,"column":0},"end":{"line":27,"column":13}},"27":{"start":{"line":28,"column":0},"end":{"line":28,"column":27}},"28":{"start":{"line":29,"column":0},"end":{"line":29,"column":27}},"29":{"start":{"line":30,"column":0},"end":{"line":30,"column":9}},"30":{"start":{"line":31,"column":0},"end":{"line":31,"column":0}},"31":{"start":{"line":32,"column":0},"end":{"line":32,"column":19}},"32":{"start":{"line":33,"column":0},"end":{"line":33,"column":5}},"33":{"start":{"line":34,"column":0},"end":{"line":34,"column":1}}},"s":{"0":1,"1":1,"2":1,"3":1,"4":6,"5":6,"6":1,"7":1,"8":1,"9":36,"10":20,"11":20,"12":20,"13":36,"14":2,"15":2,"16":2,"17":36,"18":36,"19":36,"20":36,"21":36,"22":10,"23":10,"24":1,"25":1,"26":1,"27":9,"28":9,"29":9,"30":13,"31":13,"32":13,"33":1},"branchMap":{"0":{"type":"branch","line":4,"loc":{"start":{"line":4,"column":4},"end":{"line":6,"column":5}},"locations":[{"start":{"line":4,"column":4},"end":{"line":6,"column":5}}]},"1":{"type":"branch","line":9,"loc":{"start":{"line":9,"column":4},"end":{"line":33,"column":5}},"locations":[{"start":{"line":9,"column":4},"end":{"line":33,"column":5}}]},"2":{"type":"branch","line":10,"loc":{"start":{"line":10,"column":62},"end":{"line":13,"column":9}},"locations":[{"start":{"line":10,"column":62},"end":{"line":13,"column":9}}]},"3":{"type":"branch","line":14,"loc":{"start":{"line":14,"column":-1},"end":{"line":14,"column":17}},"locations":[{"start":{"line":14,"column":-1},"end":{"line":14,"column":17}}]},"4":{"type":"branch","line":14,"loc":{"start":{"line":14,"column":12},"end":{"line":14,"column":75}},"locations":[{"start":{"line":14,"column":12},"end":{"line":14,"column":75}}]},"5":{"type":"branch","line":14,"loc":{"start":{"line":14,"column":75},"end":{"line":17,"column":9}},"locations":[{"start":{"line":14,"column":75},"end":{"line":17,"column":9}}]},"6":{"type":"branch","line":18,"loc":{"start":{"line":18,"column":-1},"end":{"line":18,"column":26}},"locations":[{"start":{"line":18,"column":-1},"end":{"line":18,"column":26}}]},"7":{"type":"branch","line":18,"loc":{"start":{"line":18,"column":25},"end":{"line":18,"column":42}},"locations":[{"start":{"line":18,"column":25},"end":{"line":18,"column":42}}]},"8":{"type":"branch","line":18,"loc":{"start":{"line":18,"column":25},"end":{"line":18,"column":44}},"locations":[{"start":{"line":18,"column":25},"end":{"line":18,"column":44}}]},"9":{"type":"branch","line":19,"loc":{"start":{"line":19,"column":25},"end":{"line":19,"column":42}},"locations":[{"start":{"line":19,"column":25},"end":{"line":19,"column":42}}]},"10":{"type":"branch","line":19,"loc":{"start":{"line":19,"column":25},"end":{"line":19,"column":44}},"locations":[{"start":{"line":19,"column":25},"end":{"line":19,"column":44}}]},"11":{"type":"branch","line":22,"loc":{"start":{"line":22,"column":15},"end":{"line":22,"column":35}},"locations":[{"start":{"line":22,"column":15},"end":{"line":22,"column":35}}]},"12":{"type":"branch","line":22,"loc":{"start":{"line":22,"column":35},"end":{"line":30,"column":9}},"locations":[{"start":{"line":22,"column":35},"end":{"line":30,"column":9}}]},"13":{"type":"branch","line":24,"loc":{"start":{"line":24,"column":41},"end":{"line":27,"column":13}},"locations":[{"start":{"line":24,"column":41},"end":{"line":27,"column":13}}]},"14":{"type":"branch","line":28,"loc":{"start":{"line":28,"column":-1},"end":{"line":30,"column":9}},"locations":[{"start":{"line":28,"column":-1},"end":{"line":30,"column":9}}]},"15":{"type":"branch","line":31,"loc":{"start":{"line":31,"column":-1},"end":{"line":33,"column":5}},"locations":[{"start":{"line":31,"column":-1},"end":{"line":33,"column":5}}]}},"b":{"0":[6],"1":[36],"2":[20],"3":[16],"4":[3],"5":[2],"6":[14],"7":[6],"8":[8],"9":[6],"10":[8],"11":[10],"12":[10],"13":[1],"14":[9],"15":[13]},"fnMap":{"0":{"name":"Bishop","decl":{"start":{"line":4,"column":4},"end":{"line":6,"column":5}},"loc":{"start":{"line":4,"column":4},"end":{"line":6,"column":5}},"line":4},"1":{"name":"canMove","decl":{"start":{"line":9,"column":4},"end":{"line":33,"column":5}},"loc":{"start":{"line":9,"column":4},"end":{"line":33,"column":5}},"line":9}},"f":{"0":6,"1":36}}
,"/home/gabriel/workspace/me/chessCaminoFacil/server/src/game/chess/pieces/EmptySpaceChess.js": {"path":"/home/gabriel/workspace/me/chessCaminoFacil/server/src/game/chess/pieces/EmptySpaceChess.js","all":false,"statementMap":{"0":{"start":{"line":1,"column":0},"end":{"line":1,"column":60}},"1":{"start":{"line":2,"column":0},"end":{"line":2,"column":0}},"2":{"start":{"line":3,"column":0},"end":{"line":3,"column":67}},"3":{"start":{"line":4,"column":0},"end":{"line":4,"column":0}},"4":{"start":{"line":5,"column":0},"end":{"line":5,"column":19}},"5":{"start":{"line":6,"column":0},"end":{"line":6,"column":29}},"6":{"start":{"line":7,"column":0},"end":{"line":7,"column":5}},"7":{"start":{"line":8,"column":0},"end":{"line":8,"column":0}},"8":{"start":{"line":9,"column":0},"end":{"line":9,"column":17}},"9":{"start":{"line":10,"column":0},"end":{"line":10,"column":0}},"10":{"start":{"line":11,"column":0},"end":{"line":11,"column":40}},"11":{"start":{"line":12,"column":0},"end":{"line":12,"column":1}}},"s":{"0":1,"1":1,"2":1,"3":1,"4":1,"5":63,"6":63,"7":1,"8":1,"9":1,"10":1,"11":1},"branchMap":{"0":{"type":"branch","line":5,"loc":{"start":{"line":5,"column":4},"end":{"line":7,"column":5}},"locations":[{"start":{"line":5,"column":4},"end":{"line":7,"column":5}}]},"1":{"type":"branch","line":9,"loc":{"start":{"line":9,"column":4},"end":{"line":9,"column":17}},"locations":[{"start":{"line":9,"column":4},"end":{"line":9,"column":17}}]},"2":{"type":"branch","line":11,"loc":{"start":{"line":11,"column":4},"end":{"line":11,"column":40}},"locations":[{"start":{"line":11,"column":4},"end":{"line":11,"column":40}}]}},"b":{"0":[63],"1":[1],"2":[1]},"fnMap":{"0":{"name":"EmptySpaceChess","decl":{"start":{"line":5,"column":4},"end":{"line":7,"column":5}},"loc":{"start":{"line":5,"column":4},"end":{"line":7,"column":5}},"line":5},"1":{"name":"move","decl":{"start":{"line":9,"column":4},"end":{"line":9,"column":17}},"loc":{"start":{"line":9,"column":4},"end":{"line":9,"column":17}},"line":9},"2":{"name":"canMove","decl":{"start":{"line":11,"column":4},"end":{"line":11,"column":40}},"loc":{"start":{"line":11,"column":4},"end":{"line":11,"column":40}},"line":11}},"f":{"0":63,"1":1,"2":1}}
,"/home/gabriel/workspace/me/chessCaminoFacil/server/src/game/chess/pieces/Knight.js": {"path":"/home/gabriel/workspace/me/chessCaminoFacil/server/src/game/chess/pieces/Knight.js","all":false,"statementMap":{"0":{"start":{"line":1,"column":0},"end":{"line":1,"column":59}},"1":{"start":{"line":2,"column":0},"end":{"line":2,"column":0}},"2":{"start":{"line":3,"column":0},"end":{"line":3,"column":58}},"3":{"start":{"line":4,"column":0},"end":{"line":4,"column":0}},"4":{"start":{"line":5,"column":0},"end":{"line":5,"column":0}},"5":{"start":{"line":6,"column":0},"end":{"line":6,"column":31}},"6":{"start":{"line":7,"column":0},"end":{"line":7,"column":38}},"7":{"start":{"line":8,"column":0},"end":{"line":8,"column":5}},"8":{"start":{"line":9,"column":0},"end":{"line":9,"column":0}},"9":{"start":{"line":10,"column":0},"end":{"line":10,"column":26}},"10":{"start":{"line":11,"column":0},"end":{"line":11,"column":74}},"11":{"start":{"line":12,"column":0},"end":{"line":12,"column":26}},"12":{"start":{"line":13,"column":0},"end":{"line":13,"column":12}},"13":{"start":{"line":14,"column":0},"end":{"line":14,"column":12}},"14":{"start":{"line":15,"column":0},"end":{"line":15,"column":70}},"15":{"start":{"line":16,"column":0},"end":{"line":16,"column":73}},"16":{"start":{"line":17,"column":0},"end":{"line":17,"column":11}},"17":{"start":{"line":18,"column":0},"end":{"line":18,"column":39}},"18":{"start":{"line":19,"column":0},"end":{"line":19,"column":82}},"19":{"start":{"line":20,"column":0},"end":{"line":20,"column":15}},"20":{"start":{"line":21,"column":0},"end":{"line":21,"column":26}},"21":{"start":{"line":22,"column":0},"end":{"line":22,"column":13}},"22":{"start":{"line":23,"column":0},"end":{"line":23,"column":9}},"23":{"start":{"line":24,"column":0},"end":{"line":24,"column":0}},"24":{"start":{"line":25,"column":0},"end":{"line":25,"column":20}},"25":{"start":{"line":26,"column":0},"end":{"line":26,"column":5}},"26":{"start":{"line":27,"column":0},"end":{"line":27,"column":1}}},"s":{"0":1,"1":1,"2":1,"3":1,"4":1,"5":1,"6":5,"7":5,"8":1,"9":1,"10":36,"11":36,"12":36,"13":36,"14":36,"15":26,"16":36,"17":18,"18":2,"19":18,"20":17,"21":17,"22":18,"23":19,"24":19,"25":19,"26":1},"branchMap":{"0":{"type":"branch","line":6,"loc":{"start":{"line":6,"column":4},"end":{"line":8,"column":5}},"locations":[{"start":{"line":6,"column":4},"end":{"line":8,"column":5}}]},"1":{"type":"branch","line":10,"loc":{"start":{"line":10,"column":4},"end":{"line":26,"column":5}},"locations":[{"start":{"line":10,"column":4},"end":{"line":26,"column":5}}]},"2":{"type":"branch","line":15,"loc":{"start":{"line":15,"column":13},"end":{"line":15,"column":70}},"locations":[{"start":{"line":15,"column":13},"end":{"line":15,"column":70}}]},"3":{"type":"branch","line":15,"loc":{"start":{"line":15,"column":12},"end":{"line":16,"column":73}},"locations":[{"start":{"line":15,"column":12},"end":{"line":16,"column":73}}]},"4":{"type":"branch","line":16,"loc":{"start":{"line":16,"column":16},"end":{"line":16,"column":73}},"locations":[{"start":{"line":16,"column":16},"end":{"line":16,"column":73}}]},"5":{"type":"branch","line":17,"loc":{"start":{"line":17,"column":10},"end":{"line":23,"column":9}},"locations":[{"start":{"line":17,"column":10},"end":{"line":23,"column":9}}]},"6":{"type":"branch","line":18,"loc":{"start":{"line":18,"column":16},"end":{"line":19,"column":82}},"locations":[{"start":{"line":18,"column":16},"end":{"line":19,"column":82}}]},"7":{"type":"branch","line":20,"loc":{"start":{"line":20,"column":14},"end":{"line":22,"column":13}},"locations":[{"start":{"line":20,"column":14},"end":{"line":22,"column":13}}]},"8":{"type":"branch","line":24,"loc":{"start":{"line":24,"column":-1},"end":{"line":26,"column":5}},"locations":[{"start":{"line":24,"column":-1},"end":{"line":26,"column":5}}]}},"b":{"0":[5],"1":[36],"2":[17],"3":[26],"4":[14],"5":[18],"6":[2],"7":[17],"8":[19]},"fnMap":{"0":{"name":"Knight","decl":{"start":{"line":6,"column":4},"end":{"line":8,"column":5}},"loc":{"start":{"line":6,"column":4},"end":{"line":8,"column":5}},"line":6},"1":{"name":"canMove","decl":{"start":{"line":10,"column":4},"end":{"line":26,"column":5}},"loc":{"start":{"line":10,"column":4},"end":{"line":26,"column":5}},"line":10}},"f":{"0":5,"1":36}}
,"/home/gabriel/workspace/me/chessCaminoFacil/server/src/game/chess/pieces/Pawn.js": {"path":"/home/gabriel/workspace/me/chessCaminoFacil/server/src/game/chess/pieces/Pawn.js","all":false,"statementMap":{"0":{"start":{"line":1,"column":0},"end":{"line":1,"column":60}},"1":{"start":{"line":2,"column":0},"end":{"line":2,"column":0}},"2":{"start":{"line":3,"column":0},"end":{"line":3,"column":56}},"3":{"start":{"line":4,"column":0},"end":{"line":4,"column":7}},"4":{"start":{"line":5,"column":0},"end":{"line":5,"column":30}},"5":{"start":{"line":6,"column":0},"end":{"line":6,"column":64}},"6":{"start":{"line":7,"column":0},"end":{"line":7,"column":44}},"7":{"start":{"line":8,"column":0},"end":{"line":8,"column":44}},"8":{"start":{"line":9,"column":0},"end":{"line":9,"column":7}},"9":{"start":{"line":10,"column":0},"end":{"line":10,"column":31}},"10":{"start":{"line":11,"column":0},"end":{"line":11,"column":36}},"11":{"start":{"line":12,"column":0},"end":{"line":12,"column":5}},"12":{"start":{"line":13,"column":0},"end":{"line":13,"column":0}},"13":{"start":{"line":14,"column":0},"end":{"line":14,"column":26}},"14":{"start":{"line":15,"column":0},"end":{"line":15,"column":53}},"15":{"start":{"line":16,"column":0},"end":{"line":16,"column":54}},"16":{"start":{"line":17,"column":0},"end":{"line":17,"column":28}},"17":{"start":{"line":18,"column":0},"end":{"line":18,"column":13}},"18":{"start":{"line":19,"column":0},"end":{"line":19,"column":55}},"19":{"start":{"line":20,"column":0},"end":{"line":20,"column":28}},"20":{"start":{"line":21,"column":0},"end":{"line":21,"column":13}},"21":{"start":{"line":22,"column":0},"end":{"line":22,"column":19}},"22":{"start":{"line":23,"column":0},"end":{"line":23,"column":66}},"23":{"start":{"line":24,"column":0},"end":{"line":24,"column":76}},"24":{"start":{"line":25,"column":0},"end":{"line":25,"column":11}},"25":{"start":{"line":26,"column":0},"end":{"line":26,"column":54}},"26":{"start":{"line":27,"column":0},"end":{"line":27,"column":28}},"27":{"start":{"line":28,"column":0},"end":{"line":28,"column":13}},"28":{"start":{"line":29,"column":0},"end":{"line":29,"column":55}},"29":{"start":{"line":30,"column":0},"end":{"line":30,"column":28}},"30":{"start":{"line":31,"column":0},"end":{"line":31,"column":13}},"31":{"start":{"line":32,"column":0},"end":{"line":32,"column":9}},"32":{"start":{"line":33,"column":0},"end":{"line":33,"column":21}},"33":{"start":{"line":34,"column":0},"end":{"line":34,"column":5}},"34":{"start":{"line":35,"column":0},"end":{"line":35,"column":1}}},"s":{"0":1,"1":1,"2":1,"3":1,"4":1,"5":1,"6":1,"7":1,"8":1,"9":1,"10":13,"11":13,"12":1,"13":1,"14":35,"15":8,"16":2,"17":2,"18":8,"19":2,"20":2,"21":35,"22":27,"23":4,"24":27,"25":3,"26":1,"27":1,"28":3,"29":2,"30":2,"31":3,"32":28,"33":28,"34":1},"branchMap":{"0":{"type":"branch","line":10,"loc":{"start":{"line":10,"column":4},"end":{"line":12,"column":5}},"locations":[{"start":{"line":10,"column":4},"end":{"line":12,"column":5}}]},"1":{"type":"branch","line":14,"loc":{"start":{"line":14,"column":4},"end":{"line":34,"column":5}},"locations":[{"start":{"line":14,"column":4},"end":{"line":34,"column":5}}]},"2":{"type":"branch","line":15,"loc":{"start":{"line":15,"column":12},"end":{"line":15,"column":52}},"locations":[{"start":{"line":15,"column":12},"end":{"line":15,"column":52}}]},"3":{"type":"branch","line":15,"loc":{"start":{"line":15,"column":52},"end":{"line":22,"column":15}},"locations":[{"start":{"line":15,"column":52},"end":{"line":22,"column":15}}]},"4":{"type":"branch","line":16,"loc":{"start":{"line":16,"column":16},"end":{"line":16,"column":53}},"locations":[{"start":{"line":16,"column":16},"end":{"line":16,"column":53}}]},"5":{"type":"branch","line":16,"loc":{"start":{"line":16,"column":53},"end":{"line":18,"column":13}},"locations":[{"start":{"line":16,"column":53},"end":{"line":18,"column":13}}]},"6":{"type":"branch","line":19,"loc":{"start":{"line":19,"column":-1},"end":{"line":19,"column":21}},"locations":[{"start":{"line":19,"column":-1},"end":{"line":19,"column":21}}]},"7":{"type":"branch","line":19,"loc":{"start":{"line":19,"column":16},"end":{"line":19,"column":54}},"locations":[{"start":{"line":19,"column":16},"end":{"line":19,"column":54}}]},"8":{"type":"branch","line":19,"loc":{"start":{"line":19,"column":54},"end":{"line":21,"column":13}},"locations":[{"start":{"line":19,"column":54},"end":{"line":21,"column":13}}]},"9":{"type":"branch","line":22,"loc":{"start":{"line":22,"column":9},"end":{"line":32,"column":9}},"locations":[{"start":{"line":22,"column":9},"end":{"line":32,"column":9}}]},"10":{"type":"branch","line":23,"loc":{"start":{"line":23,"column":12},"end":{"line":23,"column":66}},"locations":[{"start":{"line":23,"column":12},"end":{"line":23,"column":66}}]},"11":{"type":"branch","line":23,"loc":{"start":{"line":23,"column":12},"end":{"line":24,"column":53}},"locations":[{"start":{"line":23,"column":12},"end":{"line":24,"column":53}}]},"12":{"type":"branch","line":23,"loc":{"start":{"line":23,"column":12},"end":{"line":24,"column":76}},"locations":[{"start":{"line":23,"column":12},"end":{"line":24,"column":76}}]},"13":{"type":"branch","line":25,"loc":{"start":{"line":25,"column":10},"end":{"line":32,"column":9}},"locations":[{"start":{"line":25,"column":10},"end":{"line":32,"column":9}}]},"14":{"type":"branch","line":26,"loc":{"start":{"line":26,"column":16},"end":{"line":26,"column":53}},"locations":[{"start":{"line":26,"column":16},"end":{"line":26,"column":53}}]},"15":{"type":"branch","line":26,"loc":{"start":{"line":26,"column":53},"end":{"line":28,"column":13}},"locations":[{"start":{"line":26,"column":53},"end":{"line":28,"column":13}}]},"16":{"type":"branch","line":29,"loc":{"start":{"line":29,"column":-1},"end":{"line":29,"column":54}},"locations":[{"start":{"line":29,"column":-1},"end":{"line":29,"column":54}}]},"17":{"type":"branch","line":29,"loc":{"start":{"line":29,"column":54},"end":{"line":31,"column":13}},"locations":[{"start":{"line":29,"column":54},"end":{"line":31,"column":13}}]},"18":{"type":"branch","line":33,"loc":{"start":{"line":33,"column":-1},"end":{"line":34,"column":5}},"locations":[{"start":{"line":33,"column":-1},"end":{"line":34,"column":5}}]}},"b":{"0":[13],"1":[35],"2":[12],"3":[8],"4":[3],"5":[2],"6":[6],"7":[3],"8":[2],"9":[27],"10":[11],"11":[7],"12":[4],"13":[3],"14":[1],"15":[1],"16":[2],"17":[2],"18":[28]},"fnMap":{"0":{"name":"Pawn","decl":{"start":{"line":10,"column":4},"end":{"line":12,"column":5}},"loc":{"start":{"line":10,"column":4},"end":{"line":12,"column":5}},"line":10},"1":{"name":"canMove","decl":{"start":{"line":14,"column":4},"end":{"line":34,"column":5}},"loc":{"start":{"line":14,"column":4},"end":{"line":34,"column":5}},"line":14}},"f":{"0":13,"1":35}}
,"/home/gabriel/workspace/me/chessCaminoFacil/server/src/game/chess/pieces/Rook.js": {"path":"/home/gabriel/workspace/me/chessCaminoFacil/server/src/game/chess/pieces/Rook.js","all":false,"statementMap":{"0":{"start":{"line":1,"column":0},"end":{"line":1,"column":60}},"1":{"start":{"line":2,"column":0},"end":{"line":2,"column":0}},"2":{"start":{"line":3,"column":0},"end":{"line":3,"column":56}},"3":{"start":{"line":4,"column":0},"end":{"line":4,"column":0}},"4":{"start":{"line":5,"column":0},"end":{"line":5,"column":0}},"5":{"start":{"line":6,"column":0},"end":{"line":6,"column":31}},"6":{"start":{"line":7,"column":0},"end":{"line":7,"column":36}},"7":{"start":{"line":8,"column":0},"end":{"line":8,"column":5}},"8":{"start":{"line":9,"column":0},"end":{"line":9,"column":0}},"9":{"start":{"line":10,"column":0},"end":{"line":10,"column":26}},"10":{"start":{"line":11,"column":0},"end":{"line":11,"column":43}},"11":{"start":{"line":12,"column":0},"end":{"line":12,"column":24}},"12":{"start":{"line":13,"column":0},"end":{"line":13,"column":9}},"13":{"start":{"line":14,"column":0},"end":{"line":14,"column":43}},"14":{"start":{"line":15,"column":0},"end":{"line":15,"column":55}},"15":{"start":{"line":16,"column":0},"end":{"line":16,"column":56}},"16":{"start":{"line":17,"column":0},"end":{"line":17,"column":53}},"17":{"start":{"line":18,"column":0},"end":{"line":18,"column":37}},"18":{"start":{"line":19,"column":0},"end":{"line":19,"column":21}},"19":{"start":{"line":20,"column":0},"end":{"line":20,"column":17}},"20":{"start":{"line":21,"column":0},"end":{"line":21,"column":56}},"21":{"start":{"line":22,"column":0},"end":{"line":22,"column":53}},"22":{"start":{"line":23,"column":0},"end":{"line":23,"column":37}},"23":{"start":{"line":24,"column":0},"end":{"line":24,"column":21}},"24":{"start":{"line":25,"column":0},"end":{"line":25,"column":17}},"25":{"start":{"line":26,"column":0},"end":{"line":26,"column":13}},"26":{"start":{"line":27,"column":0},"end":{"line":27,"column":50}},"27":{"start":{"line":28,"column":0},"end":{"line":28,"column":52}},"28":{"start":{"line":29,"column":0},"end":{"line":29,"column":56}},"29":{"start":{"line":30,"column":0},"end":{"line":30,"column":53}},"30":{"start":{"line":31,"column":0},"end":{"line":31,"column":37}},"31":{"start":{"line":32,"column":0},"end":{"line":32,"column":21}},"32":{"start":{"line":33,"column":0},"end":{"line":33,"column":17}},"33":{"start":{"line":34,"column":0},"end":{"line":34,"column":56}},"34":{"start":{"line":35,"column":0},"end":{"line":35,"column":53}},"35":{"start":{"line":36,"column":0},"end":{"line":36,"column":37}},"36":{"start":{"line":37,"column":0},"end":{"line":37,"column":21}},"37":{"start":{"line":38,"column":0},"end":{"line":38,"column":17}},"38":{"start":{"line":39,"column":0},"end":{"line":39,"column":13}},"39":{"start":{"line":40,"column":0},"end":{"line":40,"column":9}},"40":{"start":{"line":41,"column":0},"end":{"line":41,"column":79}},"41":{"start":{"line":42,"column":0},"end":{"line":42,"column":25}},"42":{"start":{"line":43,"column":0},"end":{"line":43,"column":9}},"43":{"start":{"line":44,"column":0},"end":{"line":44,"column":20}},"44":{"start":{"line":45,"column":0},"end":{"line":45,"column":5}},"45":{"start":{"line":46,"column":0},"end":{"line":46,"column":1}}},"s":{"0":1,"1":1,"2":1,"3":1,"4":1,"5":1,"6":7,"7":7,"8":1,"9":1,"10":18,"11":5,"12":5,"13":18,"14":6,"15":16,"16":4,"17":1,"18":1,"19":4,"20":16,"21":1,"22":1,"23":1,"24":1,"25":16,"26":18,"27":6,"28":16,"29":4,"30":1,"31":1,"32":4,"33":16,"34":1,"35":1,"36":1,"37":1,"38":16,"39":4,"40":18,"41":2,"42":2,"43":7,"44":7,"45":1},"branchMap":{"0":{"type":"branch","line":6,"loc":{"start":{"line":6,"column":4},"end":{"line":8,"column":5}},"locations":[{"start":{"line":6,"column":4},"end":{"line":8,"column":5}}]},"1":{"type":"branch","line":10,"loc":{"start":{"line":10,"column":4},"end":{"line":45,"column":5}},"locations":[{"start":{"line":10,"column":4},"end":{"line":45,"column":5}}]},"2":{"type":"branch","line":11,"loc":{"start":{"line":11,"column":12},"end":{"line":11,"column":42}},"locations":[{"start":{"line":11,"column":12},"end":{"line":11,"column":42}}]},"3":{"type":"branch","line":11,"loc":{"start":{"line":11,"column":42},"end":{"line":13,"column":9}},"locations":[{"start":{"line":11,"column":42},"end":{"line":13,"column":9}}]},"4":{"type":"branch","line":14,"loc":{"start":{"line":14,"column":-1},"end":{"line":14,"column":17}},"locations":[{"start":{"line":14,"column":-1},"end":{"line":14,"column":17}}]},"5":{"type":"branch","line":14,"loc":{"start":{"line":14,"column":12},"end":{"line":14,"column":42}},"locations":[{"start":{"line":14,"column":12},"end":{"line":14,"column":42}}]},"6":{"type":"branch","line":14,"loc":{"start":{"line":14,"column":42},"end":{"line":27,"column":15}},"locations":[{"start":{"line":14,"column":42},"end":{"line":27,"column":15}}]},"7":{"type":"branch","line":15,"loc":{"start":{"line":15,"column":54},"end":{"line":26,"column":13}},"locations":[{"start":{"line":15,"column":54},"end":{"line":26,"column":13}}]},"8":{"type":"branch","line":16,"loc":{"start":{"line":16,"column":20},"end":{"line":16,"column":48}},"locations":[{"start":{"line":16,"column":20},"end":{"line":16,"column":48}}]},"9":{"type":"branch","line":16,"loc":{"start":{"line":16,"column":20},"end":{"line":16,"column":55}},"locations":[{"start":{"line":16,"column":20},"end":{"line":16,"column":55}}]},"10":{"type":"branch","line":16,"loc":{"start":{"line":16,"column":55},"end":{"line":20,"column":17}},"locations":[{"start":{"line":16,"column":55},"end":{"line":20,"column":17}}]},"11":{"type":"branch","line":17,"loc":{"start":{"line":17,"column":52},"end":{"line":19,"column":21}},"locations":[{"start":{"line":17,"column":52},"end":{"line":19,"column":21}}]},"12":{"type":"branch","line":21,"loc":{"start":{"line":21,"column":-1},"end":{"line":21,"column":21}},"locations":[{"start":{"line":21,"column":-1},"end":{"line":21,"column":21}}]},"13":{"type":"branch","line":21,"loc":{"start":{"line":21,"column":20},"end":{"line":21,"column":43}},"locations":[{"start":{"line":21,"column":20},"end":{"line":21,"column":43}}]},"14":{"type":"branch","line":21,"loc":{"start":{"line":21,"column":20},"end":{"line":21,"column":55}},"locations":[{"start":{"line":21,"column":20},"end":{"line":21,"column":55}}]},"15":{"type":"branch","line":21,"loc":{"start":{"line":21,"column":55},"end":{"line":25,"column":17}},"locations":[{"start":{"line":21,"column":55},"end":{"line":25,"column":17}}]},"16":{"type":"branch","line":27,"loc":{"start":{"line":27,"column":-1},"end":{"line":27,"column":15}},"locations":[{"start":{"line":27,"column":-1},"end":{"line":27,"column":15}}]},"17":{"type":"branch","line":27,"loc":{"start":{"line":27,"column":9},"end":{"line":40,"column":9}},"locations":[{"start":{"line":27,"column":9},"end":{"line":40,"column":9}}]},"18":{"type":"branch","line":27,"loc":{"start":{"line":27,"column":49},"end":{"line":40,"column":9}},"locations":[{"start":{"line":27,"column":49},"end":{"line":40,"column":9}}]},"19":{"type":"branch","line":28,"loc":{"start":{"line":28,"column":51},"end":{"line":39,"column":13}},"locations":[{"start":{"line":28,"column":51},"end":{"line":39,"column":13}}]},"20":{"type":"branch","line":29,"loc":{"start":{"line":29,"column":20},"end":{"line":29,"column":48}},"locations":[{"start":{"line":29,"column":20},"end":{"line":29,"column":48}}]},"21":{"type":"branch","line":29,"loc":{"start":{"line":29,"column":20},"end":{"line":29,"column":55}},"locations":[{"start":{"line":29,"column":20},"end":{"line":29,"column":55}}]},"22":{"type":"branch","line":29,"loc":{"start":{"line":29,"column":55},"end":{"line":33,"column":17}},"locations":[{"start":{"line":29,"column":55},"end":{"line":33,"column":17}}]},"23":{"type":"branch","line":30,"loc":{"start":{"line":30,"column":52},"end":{"line":32,"column":21}},"locations":[{"start":{"line":30,"column":52},"end":{"line":32,"column":21}}]},"24":{"type":"branch","line":34,"loc":{"start":{"line":34,"column":-1},"end":{"line":34,"column":21}},"locations":[{"start":{"line":34,"column":-1},"end":{"line":34,"column":21}}]},"25":{"type":"branch","line":34,"loc":{"start":{"line":34,"column":20},"end":{"line":34,"column":43}},"locations":[{"start":{"line":34,"column":20},"end":{"line":34,"column":43}}]},"26":{"type":"branch","line":34,"loc":{"start":{"line":34,"column":20},"end":{"line":34,"column":55}},"locations":[{"start":{"line":34,"column":20},"end":{"line":34,"column":55}}]},"27":{"type":"branch","line":34,"loc":{"start":{"line":34,"column":55},"end":{"line":38,"column":17}},"locations":[{"start":{"line":34,"column":55},"end":{"line":38,"column":17}}]},"28":{"type":"branch","line":40,"loc":{"start":{"line":40,"column":-1},"end":{"line":40,"column":9}},"locations":[{"start":{"line":40,"column":-1},"end":{"line":40,"column":9}}]},"29":{"type":"branch","line":41,"loc":{"start":{"line":41,"column":-1},"end":{"line":41,"column":14}},"locations":[{"start":{"line":41,"column":-1},"end":{"line":41,"column":14}}]},"30":{"type":"branch","line":41,"loc":{"start":{"line":41,"column":12},"end":{"line":41,"column":78}},"locations":[{"start":{"line":41,"column":12},"end":{"line":41,"column":78}}]},"31":{"type":"branch","line":41,"loc":{"start":{"line":41,"column":78},"end":{"line":43,"column":9}},"locations":[{"start":{"line":41,"column":78},"end":{"line":43,"column":9}}]},"32":{"type":"branch","line":44,"loc":{"start":{"line":44,"column":-1},"end":{"line":45,"column":5}},"locations":[{"start":{"line":44,"column":-1},"end":{"line":45,"column":5}}]}},"b":{"0":[7],"1":[18],"2":[11],"3":[5],"4":[13],"5":[7],"6":[6],"7":[16],"8":[14],"9":[9],"10":[4],"11":[1],"12":[15],"13":[2],"14":[1],"15":[1],"16":[4],"17":[7],"18":[6],"19":[16],"20":[14],"21":[9],"22":[4],"23":[1],"24":[15],"25":[2],"26":[1],"27":[1],"28":[4],"29":[9],"30":[3],"31":[2],"32":[7]},"fnMap":{"0":{"name":"Rook","decl":{"start":{"line":6,"column":4},"end":{"line":8,"column":5}},"loc":{"start":{"line":6,"column":4},"end":{"line":8,"column":5}},"line":6},"1":{"name":"canMove","decl":{"start":{"line":10,"column":4},"end":{"line":45,"column":5}},"loc":{"start":{"line":10,"column":4},"end":{"line":45,"column":5}},"line":10}},"f":{"0":7,"1":18}}
,"/home/gabriel/workspace/me/chessCaminoFacil/server/test/utils.js": {"path":"/home/gabriel/workspace/me/chessCaminoFacil/server/test/utils.js","all":false,"statementMap":{"0":{"start":{"line":1,"column":0},"end":{"line":1,"column":75}},"1":{"start":{"line":2,"column":0},"end":{"line":2,"column":0}},"2":{"start":{"line":3,"column":0},"end":{"line":3,"column":31}},"3":{"start":{"line":4,"column":0},"end":{"line":4,"column":17}},"4":{"start":{"line":5,"column":0},"end":{"line":5,"column":36}},"5":{"start":{"line":6,"column":0},"end":{"line":6,"column":22}},"6":{"start":{"line":7,"column":0},"end":{"line":7,"column":40}},"7":{"start":{"line":8,"column":0},"end":{"line":8,"column":48}},"8":{"start":{"line":9,"column":0},"end":{"line":9,"column":9}},"9":{"start":{"line":10,"column":0},"end":{"line":10,"column":5}},"10":{"start":{"line":11,"column":0},"end":{"line":11,"column":16}},"11":{"start":{"line":12,"column":0},"end":{"line":12,"column":1}},"12":{"start":{"line":13,"column":0},"end":{"line":13,"column":0}},"13":{"start":{"line":14,"column":0},"end":{"line":14,"column":53}},"14":{"start":{"line":15,"column":0},"end":{"line":15,"column":12}},"15":{"start":{"line":16,"column":0},"end":{"line":16,"column":19}},"16":{"start":{"line":17,"column":0},"end":{"line":17,"column":23}},"17":{"start":{"line":18,"column":0},"end":{"line":18,"column":27}},"18":{"start":{"line":19,"column":0},"end":{"line":19,"column":28}},"19":{"start":{"line":20,"column":0},"end":{"line":20,"column":5}},"20":{"start":{"line":21,"column":0},"end":{"line":21,"column":1}},"21":{"start":{"line":22,"column":0},"end":{"line":22,"column":0}},"22":{"start":{"line":23,"column":0},"end":{"line":23,"column":25}},"23":{"start":{"line":24,"column":0},"end":{"line":24,"column":12}},"24":{"start":{"line":25,"column":0},"end":{"line":25,"column":13}},"25":{"start":{"line":26,"column":0},"end":{"line":26,"column":12}},"26":{"start":{"line":27,"column":0},"end":{"line":27,"column":5}},"27":{"start":{"line":28,"column":0},"end":{"line":28,"column":1}},"28":{"start":{"line":29,"column":0},"end":{"line":29,"column":18}},"29":{"start":{"line":30,"column":0},"end":{"line":30,"column":15}},"30":{"start":{"line":31,"column":0},"end":{"line":31,"column":15}},"31":{"start":{"line":32,"column":0},"end":{"line":32,"column":13}},"32":{"start":{"line":33,"column":0},"end":{"line":33,"column":1}}},"s":{"0":1,"1":1,"2":7,"3":7,"4":7,"5":21,"6":21,"7":63,"8":63,"9":21,"10":7,"11":7,"12":1,"13":2,"14":2,"15":2,"16":2,"17":2,"18":2,"19":2,"20":2,"21":1,"22":5,"23":5,"24":5,"25":5,"26":5,"27":5,"28":1,"29":1,"30":1,"31":1,"32":1},"branchMap":{"0":{"type":"branch","line":3,"loc":{"start":{"line":3,"column":0},"end":{"line":12,"column":1}},"locations":[{"start":{"line":3,"column":0},"end":{"line":12,"column":1}}]},"1":{"type":"branch","line":5,"loc":{"start":{"line":5,"column":35},"end":{"line":10,"column":5}},"locations":[{"start":{"line":5,"column":35},"end":{"line":10,"column":5}}]},"2":{"type":"branch","line":7,"loc":{"start":{"line":7,"column":39},"end":{"line":9,"column":9}},"locations":[{"start":{"line":7,"column":39},"end":{"line":9,"column":9}}]},"3":{"type":"branch","line":14,"loc":{"start":{"line":14,"column":0},"end":{"line":21,"column":1}},"locations":[{"start":{"line":14,"column":0},"end":{"line":21,"column":1}}]},"4":{"type":"branch","line":23,"loc":{"start":{"line":23,"column":0},"end":{"line":28,"column":1}},"locations":[{"start":{"line":23,"column":0},"end":{"line":28,"column":1}}]}},"b":{"0":[7],"1":[21],"2":[63],"3":[2],"4":[5]},"fnMap":{"0":{"name":"emptyBoard","decl":{"start":{"line":3,"column":0},"end":{"line":12,"column":1}},"loc":{"start":{"line":3,"column":0},"end":{"line":12,"column":1}},"line":3},"1":{"name":"createData","decl":{"start":{"line":14,"column":0},"end":{"line":21,"column":1}},"loc":{"start":{"line":14,"column":0},"end":{"line":21,"column":1}},"line":14},"2":{"name":"position","decl":{"start":{"line":23,"column":0},"end":{"line":28,"column":1}},"loc":{"start":{"line":23,"column":0},"end":{"line":28,"column":1}},"line":23}},"f":{"0":7,"1":2,"2":5}}
}
