TN:
SF:src/game/chess/ChessPieceAbstract.js
FN:9,ChessPieceAbstract
FN:16,get player
FN:20,set player
FN:24,get x
FN:28,set x
FN:32,get y
FN:36,set y
FN:46,canMove
FN:55,move
FN:60,get name
FN:64,set name
FN:73,getPlaceWhereCanMove
FN:88,getData
FNF:13
FNH:13
FNDA:76,ChessPieceAbstract
FNDA:25,get player
FNDA:1,set player
FNDA:48,get x
FNDA:1,set x
FNDA:48,get y
FNDA:1,set y
FNDA:1,canMove
FNDA:1,move
FNDA:18,get name
FNDA:1,set name
FNDA:2,getPlaceWhereCanMove
FNDA:2,getData
DA:1,1
DA:2,1
DA:3,1
DA:4,1
DA:5,1
DA:6,1
DA:7,1
DA:8,1
DA:9,1
DA:10,76
DA:11,76
DA:12,76
DA:13,76
DA:14,76
DA:15,1
DA:16,1
DA:17,25
DA:18,25
DA:19,1
DA:20,1
DA:21,1
DA:22,1
DA:23,1
DA:24,1
DA:25,48
DA:26,48
DA:27,1
DA:28,1
DA:29,1
DA:30,1
DA:31,1
DA:32,1
DA:33,48
DA:34,48
DA:35,1
DA:36,1
DA:37,1
DA:38,1
DA:39,1
DA:40,1
DA:41,1
DA:42,1
DA:43,1
DA:44,1
DA:45,1
DA:46,1
DA:47,1
DA:48,1
DA:49,1
DA:50,1
DA:51,1
DA:52,1
DA:53,1
DA:54,1
DA:55,1
DA:56,1
DA:57,1
DA:58,1
DA:59,1
DA:60,1
DA:61,18
DA:62,18
DA:63,1
DA:64,1
DA:65,1
DA:66,1
DA:67,1
DA:68,1
DA:69,1
DA:70,1
DA:71,1
DA:72,1
DA:73,1
DA:74,2
DA:75,2
DA:76,6
DA:77,18
DA:78,3
DA:79,3
DA:80,3
DA:81,3
DA:82,3
DA:83,18
DA:84,6
DA:85,2
DA:86,2
DA:87,1
DA:88,1
DA:89,2
DA:90,2
DA:91,2
DA:92,2
DA:93,2
DA:94,2
DA:95,2
DA:96,1
LF:96
LH:96
BRDA:9,0,0,76
BRDA:16,1,0,25
BRDA:20,2,0,1
BRDA:24,3,0,48
BRDA:28,4,0,1
BRDA:32,5,0,48
BRDA:36,6,0,1
BRDA:46,7,0,1
BRDA:55,8,0,1
BRDA:60,9,0,18
BRDA:64,10,0,1
BRDA:73,11,0,2
BRDA:75,12,0,6
BRDA:76,13,0,18
BRDA:77,14,0,3
BRDA:88,15,0,2
BRF:16
BRH:16
end_of_record
TN:
SF:src/game/chess/pieces/Bishop.js
FN:4,Bishop
FN:9,canMove
FNF:2
FNH:2
FNDA:6,Bishop
FNDA:36,canMove
DA:1,1
DA:2,1
DA:3,1
DA:4,1
DA:5,6
DA:6,6
DA:7,1
DA:8,1
DA:9,1
DA:10,36
DA:11,20
DA:12,20
DA:13,20
DA:14,36
DA:15,2
DA:16,2
DA:17,2
DA:18,36
DA:19,36
DA:20,36
DA:21,36
DA:22,36
DA:23,10
DA:24,10
DA:25,1
DA:26,1
DA:27,1
DA:28,9
DA:29,9
DA:30,9
DA:31,13
DA:32,13
DA:33,13
DA:34,1
LF:34
LH:34
BRDA:4,0,0,6
BRDA:9,1,0,36
BRDA:10,2,0,20
BRDA:14,3,0,16
BRDA:14,4,0,3
BRDA:14,5,0,2
BRDA:18,6,0,14
BRDA:18,7,0,6
BRDA:18,8,0,8
BRDA:19,9,0,6
BRDA:19,10,0,8
BRDA:22,11,0,10
BRDA:22,12,0,10
BRDA:24,13,0,1
BRDA:28,14,0,9
BRDA:31,15,0,13
BRF:16
BRH:16
end_of_record
TN:
SF:src/game/chess/pieces/EmptySpaceChess.js
FN:5,EmptySpaceChess
FN:9,move
FN:11,canMove
FNF:3
FNH:3
FNDA:63,EmptySpaceChess
FNDA:1,move
FNDA:1,canMove
DA:1,1
DA:2,1
DA:3,1
DA:4,1
DA:5,1
DA:6,63
DA:7,63
DA:8,1
DA:9,1
DA:10,1
DA:11,1
DA:12,1
LF:12
LH:12
BRDA:5,0,0,63
BRDA:9,1,0,1
BRDA:11,2,0,1
BRF:3
BRH:3
end_of_record
TN:
SF:src/game/chess/pieces/Knight.js
FN:6,Knight
FN:10,canMove
FNF:2
FNH:2
FNDA:5,Knight
FNDA:36,canMove
DA:1,1
DA:2,1
DA:3,1
DA:4,1
DA:5,1
DA:6,1
DA:7,5
DA:8,5
DA:9,1
DA:10,1
DA:11,36
DA:12,36
DA:13,36
DA:14,36
DA:15,36
DA:16,26
DA:17,36
DA:18,18
DA:19,2
DA:20,18
DA:21,17
DA:22,17
DA:23,18
DA:24,19
DA:25,19
DA:26,19
DA:27,1
LF:27
LH:27
BRDA:6,0,0,5
BRDA:10,1,0,36
BRDA:15,2,0,17
BRDA:15,3,0,26
BRDA:16,4,0,14
BRDA:17,5,0,18
BRDA:18,6,0,2
BRDA:20,7,0,17
BRDA:24,8,0,19
BRF:9
BRH:9
end_of_record
TN:
SF:src/game/chess/pieces/Pawn.js
FN:10,Pawn
FN:14,canMove
FNF:2
FNH:2
FNDA:13,Pawn
FNDA:35,canMove
DA:1,1
DA:2,1
DA:3,1
DA:4,1
DA:5,1
DA:6,1
DA:7,1
DA:8,1
DA:9,1
DA:10,1
DA:11,13
DA:12,13
DA:13,1
DA:14,1
DA:15,35
DA:16,8
DA:17,2
DA:18,2
DA:19,8
DA:20,2
DA:21,2
DA:22,35
DA:23,27
DA:24,4
DA:25,27
DA:26,3
DA:27,1
DA:28,1
DA:29,3
DA:30,2
DA:31,2
DA:32,3
DA:33,28
DA:34,28
DA:35,1
LF:35
LH:35
BRDA:10,0,0,13
BRDA:14,1,0,35
BRDA:15,2,0,12
BRDA:15,3,0,8
BRDA:16,4,0,3
BRDA:16,5,0,2
BRDA:19,6,0,6
BRDA:19,7,0,3
BRDA:19,8,0,2
BRDA:22,9,0,27
BRDA:23,10,0,11
BRDA:23,11,0,7
BRDA:23,12,0,4
BRDA:25,13,0,3
BRDA:26,14,0,1
BRDA:26,15,0,1
BRDA:29,16,0,2
BRDA:29,17,0,2
BRDA:33,18,0,28
BRF:19
BRH:19
end_of_record
TN:
SF:src/game/chess/pieces/Rook.js
FN:6,Rook
FN:10,canMove
FNF:2
FNH:2
FNDA:7,Rook
FNDA:18,canMove
DA:1,1
DA:2,1
DA:3,1
DA:4,1
DA:5,1
DA:6,1
DA:7,7
DA:8,7
DA:9,1
DA:10,1
DA:11,18
DA:12,5
DA:13,5
DA:14,18
DA:15,6
DA:16,16
DA:17,4
DA:18,1
DA:19,1
DA:20,4
DA:21,16
DA:22,1
DA:23,1
DA:24,1
DA:25,1
DA:26,16
DA:27,18
DA:28,6
DA:29,16
DA:30,4
DA:31,1
DA:32,1
DA:33,4
DA:34,16
DA:35,1
DA:36,1
DA:37,1
DA:38,1
DA:39,16
DA:40,4
DA:41,18
DA:42,2
DA:43,2
DA:44,7
DA:45,7
DA:46,1
LF:46
LH:46
BRDA:6,0,0,7
BRDA:10,1,0,18
BRDA:11,2,0,11
BRDA:11,3,0,5
BRDA:14,4,0,13
BRDA:14,5,0,7
BRDA:14,6,0,6
BRDA:15,7,0,16
BRDA:16,8,0,14
BRDA:16,9,0,9
BRDA:16,10,0,4
BRDA:17,11,0,1
BRDA:21,12,0,15
BRDA:21,13,0,2
BRDA:21,14,0,1
BRDA:21,15,0,1
BRDA:27,16,0,4
BRDA:27,17,0,7
BRDA:27,18,0,6
BRDA:28,19,0,16
BRDA:29,20,0,14
BRDA:29,21,0,9
BRDA:29,22,0,4
BRDA:30,23,0,1
BRDA:34,24,0,15
BRDA:34,25,0,2
BRDA:34,26,0,1
BRDA:34,27,0,1
BRDA:40,28,0,4
BRDA:41,29,0,9
BRDA:41,30,0,3
BRDA:41,31,0,2
BRDA:44,32,0,7
BRF:33
BRH:33
end_of_record
TN:
SF:test/utils.js
FN:3,emptyBoard
FN:14,createData
FN:23,position
FNF:3
FNH:3
FNDA:7,emptyBoard
FNDA:2,createData
FNDA:5,position
DA:1,1
DA:2,1
DA:3,7
DA:4,7
DA:5,7
DA:6,21
DA:7,21
DA:8,63
DA:9,63
DA:10,21
DA:11,7
DA:12,7
DA:13,1
DA:14,2
DA:15,2
DA:16,2
DA:17,2
DA:18,2
DA:19,2
DA:20,2
DA:21,2
DA:22,1
DA:23,5
DA:24,5
DA:25,5
DA:26,5
DA:27,5
DA:28,5
DA:29,1
DA:30,1
DA:31,1
DA:32,1
DA:33,1
LF:33
LH:33
BRDA:3,0,0,7
BRDA:5,1,0,21
BRDA:7,2,0,63
BRDA:14,3,0,2
BRDA:23,4,0,5
BRF:5
BRH:5
end_of_record
